<?xml version="1.0" encoding="UTF-8"?>
<!-- Generated by org.testng.reporters.JUnitXMLReporter -->
<testsuite ignored="2" hostname="Feuji-V020L-R" failures="0" tests="1" name="Default test" time="21.828" errors="0" timestamp="25 Jan 2024 09:52:10 GMT">
  <testcase classname="com.ui.test.OrangeHRMTest" name="createUser" time="14.704"/>
  <testcase classname="com.ui.test.OrangeHRMTest" name="login" time="0.0">
    <ignored/>
  </testcase> <!-- login -->
  <testcase classname="com.ui.test.OrangeHRMTest" name="forgotPasswordTest" time="0.0">
    <ignored/>
  </testcase> <!-- forgotPasswordTest -->
</testsuite> <!-- Default test -->
