<?xml version="1.0" encoding="UTF-8"?>
<testng-results ignored="2" total="3" passed="1" failed="0" skipped="0">
  <reporter-output>
  </reporter-output>
  <suite started-at="2024-01-25T09:51:48Z" name="Default suite" finished-at="2024-01-25T09:52:10Z" duration-ms="21828">
    <groups>
    </groups>
    <test started-at="2024-01-25T09:51:48Z" name="Default test" finished-at="2024-01-25T09:52:10Z" duration-ms="21828">
      <class name="com.ui.test.OrangeHRMTest">
        <test-method is-config="true" signature="setUp()[pri:0, instance:com.ui.test.OrangeHRMTest@200a26bc]" started-at="2024-01-25T15:21:45Z" name="setUp" finished-at="2024-01-25T15:21:48Z" duration-ms="2355" status="PASS">
          <reporter-output>
          </reporter-output>
        </test-method> <!-- setUp -->
        <test-method is-config="true" signature="startReport()[pri:0, instance:com.ui.test.OrangeHRMTest@200a26bc]" started-at="2024-01-25T15:21:48Z" name="startReport" finished-at="2024-01-25T15:21:48Z" duration-ms="264" status="PASS">
          <reporter-output>
          </reporter-output>
        </test-method> <!-- startReport -->
        <test-method is-config="true" signature="testSetUp()[pri:0, instance:com.ui.test.OrangeHRMTest@200a26bc]" started-at="2024-01-25T15:21:48Z" name="testSetUp" finished-at="2024-01-25T15:21:54Z" duration-ms="6143" status="PASS">
          <reporter-output>
          </reporter-output>
        </test-method> <!-- testSetUp -->
        <test-method signature="createUser()[pri:0, instance:com.ui.test.OrangeHRMTest@200a26bc]" started-at="2024-01-25T15:21:54Z" name="createUser" finished-at="2024-01-25T15:22:09Z" duration-ms="14704" status="PASS">
          <reporter-output>
          </reporter-output>
        </test-method> <!-- createUser -->
        <test-method is-config="true" signature="endReport()[pri:0, instance:com.ui.test.OrangeHRMTest@200a26bc]" started-at="2024-01-25T15:22:09Z" name="endReport" finished-at="2024-01-25T15:22:10Z" duration-ms="705" status="PASS">
          <reporter-output>
          </reporter-output>
        </test-method> <!-- endReport -->
        <test-method is-config="true" signature="getResult(org.testng.ITestResult)[pri:0, instance:com.ui.test.OrangeHRMTest@200a26bc]" started-at="2024-01-25T15:22:09Z" name="getResult" finished-at="2024-01-25T15:22:09Z" duration-ms="0" status="PASS">
          <params>
            <param index="0">
              <value>
                <![CDATA[[TestResult name=createUser status=SUCCESS method=OrangeHRMTest.createUser()[pri:0, instance:com.ui.test.OrangeHRMTest@200a26bc] output={null}]]]>
              </value>
            </param>
          </params>
          <reporter-output>
          </reporter-output>
        </test-method> <!-- getResult -->
        <test-method is-config="true" signature="end()[pri:0, instance:com.ui.test.OrangeHRMTest@200a26bc]" started-at="2024-01-25T15:22:10Z" name="end" finished-at="2024-01-25T15:22:11Z" duration-ms="1033" status="PASS">
          <reporter-output>
          </reporter-output>
        </test-method> <!-- end -->
      </class> <!-- com.ui.test.OrangeHRMTest -->
    </test> <!-- Default test -->
  </suite> <!-- Default suite -->
</testng-results>
